<?xml version="1.0" encoding="UTF-8"?>
<!-- Generated by org.testng.reporters.JUnitReportReporter -->
<testsuite hostname="neethu" failures="0" tests="1" name="testScript.ComplaintDescriptionScriptTestCase11" time="5.242" errors="0" timestamp="2025-03-19T10:04:24 IST" skipped="0">
  <testcase classname="testScript.ComplaintDescriptionScriptTestCase11" name="verifyComplaintDescriptionpresent" time="5.242"/>
  <system-out/>
</testsuite> <!-- testScript.ComplaintDescriptionScriptTestCase11 -->
