<?xml version="1.0" encoding="UTF-8"?>
<!-- Generated by org.testng.reporters.JUnitReportReporter -->
<testsuite hostname="neethu" failures="0" tests="1" name="testScript.NewuserTestCase4" time="3.568" errors="0" timestamp="2025-03-19T12:00:08 IST" skipped="0">
  <testcase classname="testScript.NewuserTestCase4" name="verifyNewUserCreate" time="3.568"/>
  <system-out/>
</testsuite> <!-- testScript.NewuserTestCase4 -->
