<?xml version="1.0" encoding="UTF-8"?>
<!-- Generated by org.testng.reporters.JUnitReportReporter -->
<testsuite hostname="neethu" failures="0" tests="1" name="testScript.EmailIntegrationScriptTestCase17" time="1.917" errors="0" timestamp="2025-03-19T10:04:24 IST" skipped="0">
  <testcase classname="testScript.EmailIntegrationScriptTestCase17" name="verifySysSupportEmailIntegration" time="1.917"/>
  <system-out/>
</testsuite> <!-- testScript.EmailIntegrationScriptTestCase17 -->
