<?xml version="1.0" encoding="UTF-8"?>
<!-- Generated by org.testng.reporters.JUnitReportReporter -->
<testsuite hostname="neethu" failures="0" tests="1" name="testScript.AuditLogTicketUpdateScriptTestCase23" time="3.000" errors="0" timestamp="2025-03-10T14:52:29 IST" skipped="0">
  <testcase classname="testScript.AuditLogTicketUpdateScriptTestCase23" name="AuditLogTicketUpdateScriptTestCase23" time="3.000"/>
  <system-out/>
</testsuite> <!-- testScript.AuditLogTicketUpdateScriptTestCase23 -->
