<?xml version="1.0" encoding="UTF-8"?>
<!-- Generated by org.testng.reporters.JUnitReportReporter -->
<testsuite hostname="neethu" failures="0" tests="1" name="testScript.NewLinkCreationScriptTestCase6" time="18.276" errors="0" timestamp="2025-03-04T14:04:07 IST" skipped="0">
  <testcase classname="testScript.NewLinkCreationScriptTestCase6" name="verifyAbleToCreateNewLink" time="18.276"/>
  <system-out/>
</testsuite> <!-- testScript.NewLinkCreationScriptTestCase6 -->
