<?xml version="1.0" encoding="UTF-8"?>
<!-- Generated by org.testng.reporters.JUnitReportReporter -->
<testsuite hostname="neethu" failures="0" tests="1" name="testScript.LinkDownTimeOccurrenceforTicketScriptTestCase32" time="7.154" errors="0" timestamp="2025-03-19T10:04:24 IST" skipped="0">
  <testcase classname="testScript.LinkDownTimeOccurrenceforTicketScriptTestCase32" name="verifyAbleToFindDownTimeOccurrence" time="7.154"/>
  <system-out/>
</testsuite> <!-- testScript.LinkDownTimeOccurrenceforTicketScriptTestCase32 -->
