<?xml version="1.0" encoding="UTF-8"?>
<!-- Generated by org.testng.reporters.JUnitReportReporter -->
<testsuite hostname="neethu" failures="0" tests="1" name="testScript.MappingcktLinksScriptTestCase8" time="6.310" errors="0" timestamp="2025-03-19T10:04:24 IST" skipped="0">
  <testcase classname="testScript.MappingcktLinksScriptTestCase8" name="verifyisAbleToMappingLinks" time="6.310"/>
  <system-out/>
</testsuite> <!-- testScript.MappingcktLinksScriptTestCase8 -->
