<?xml version="1.0" encoding="UTF-8"?>
<!-- Generated by org.testng.reporters.JUnitReportReporter -->
<testsuite hostname="neethu" failures="0" tests="1" name="testScript.NewRoleTestCase3" time="1.792" errors="0" timestamp="2025-03-20T10:59:23 IST" skipped="0">
  <testcase classname="testScript.NewRoleTestCase3" name="verifyUserAbleToAddNewUserRole" time="1.792"/>
  <system-out/>
</testsuite> <!-- testScript.NewRoleTestCase3 -->
