<?xml version="1.0" encoding="UTF-8"?>
<!-- Generated by org.testng.reporters.JUnitReportReporter -->
<testsuite hostname="neethu" failures="0" tests="1" name="testScript.FollowUpDescriptionScriptTestCase11" time="8.735" errors="0" timestamp="2025-03-19T10:04:24 IST" skipped="0">
  <testcase classname="testScript.FollowUpDescriptionScriptTestCase11" name="verifyFollowUpCommentexist" time="8.735"/>
  <system-out/>
</testsuite> <!-- testScript.FollowUpDescriptionScriptTestCase11 -->
