<?xml version="1.0" encoding="UTF-8"?>
<!-- Generated by org.testng.reporters.JUnitReportReporter -->
<testsuite hostname="neethu" failures="0" tests="1" name="testScript.NewComplaintScriptTestCase5" time="3.780" errors="0" timestamp="2025-03-14T17:19:56 IST" skipped="0">
  <testcase classname="testScript.NewComplaintScriptTestCase5" name="verifyUserAbleToCreateNewComplaint" time="3.780"/>
  <system-out/>
</testsuite> <!-- testScript.NewComplaintScriptTestCase5 -->
