<?xml version="1.0" encoding="UTF-8"?>
<!-- Generated by org.testng.reporters.JUnitReportReporter -->
<testsuite hostname="neethu" failures="0" tests="1" name="testScript.DailyReportWithAdvancedFiltersScriptTestCase21" time="5.701" errors="0" timestamp="2025-03-19T10:04:24 IST" skipped="0">
  <testcase classname="testScript.DailyReportWithAdvancedFiltersScriptTestCase21" name="verifyCreationofDailyReportWithFilters" time="5.701"/>
  <system-out/>
</testsuite> <!-- testScript.DailyReportWithAdvancedFiltersScriptTestCase21 -->
