<?xml version="1.0" encoding="UTF-8"?>
<!-- Generated by org.testng.reporters.JUnitReportReporter -->
<testsuite hostname="neethu" failures="0" tests="1" name="testScript.UpdateLinkScriptTestCase6" time="26.645" errors="0" timestamp="2025-02-21T11:22:28 IST" skipped="0">
  <testcase classname="testScript.UpdateLinkScriptTestCase6" name="verifyAbletoUpdateLink" time="26.645"/>
  <system-out/>
</testsuite> <!-- testScript.UpdateLinkScriptTestCase6 -->
