<?xml version="1.0" encoding="UTF-8"?>
<!-- Generated by org.testng.reporters.JUnitReportReporter -->
<testsuite hostname="neethu" failures="0" tests="1" name="testScript.LoginPageTestCase1" time="2.080" errors="0" timestamp="2025-03-21T09:29:50 IST" skipped="0">
  <testcase classname="testScript.LoginPageTestCase1" name="verifyUserIsAbleToLoginPage" time="2.080"/>
  <system-out/>
</testsuite> <!-- testScript.LoginPageTestCase1 -->
