<?xml version="1.0" encoding="UTF-8"?>
<!-- Generated by org.testng.reporters.JUnitReportReporter -->
<testsuite hostname="neethu" failures="0" tests="1" name="testScript.AttachmentOptionScriptTestCase34" time="11.895" errors="0" timestamp="2025-03-14T15:14:31 IST" skipped="0">
  <testcase classname="testScript.AttachmentOptionScriptTestCase34" name="verifyAbleToUploadAttachments" time="11.895"/>
  <system-out/>
</testsuite> <!-- testScript.AttachmentOptionScriptTestCase34 -->
