<?xml version="1.0" encoding="UTF-8"?>
<!-- Generated by org.testng.reporters.JUnitReportReporter -->
<testsuite hostname="neethu" failures="0" tests="1" name="testScript.FilteringByScript_ComplaintTestCase9" time="1.867" errors="0" timestamp="2025-03-19T10:04:24 IST" skipped="0">
  <testcase classname="testScript.FilteringByScript_ComplaintTestCase9" name="verifyFilterinComplaint" time="1.867"/>
  <system-out/>
</testsuite> <!-- testScript.FilteringByScript_ComplaintTestCase9 -->
