<?xml version="1.0" encoding="UTF-8"?>
<!-- Generated by org.testng.reporters.JUnitReportReporter -->
<testsuite hostname="neethu" failures="0" tests="1" name="testScript.MonthlyReportScriptTestCase21" time="4.121" errors="0" timestamp="2025-03-19T10:04:24 IST" skipped="0">
  <testcase classname="testScript.MonthlyReportScriptTestCase21" name="verifyAbleToGenerateMonthlyProvision" time="4.121"/>
  <system-out/>
</testsuite> <!-- testScript.MonthlyReportScriptTestCase21 -->
