<?xml version="1.0" encoding="UTF-8"?>
<!-- Generated by org.testng.reporters.JUnitReportReporter -->
<testsuite hostname="neethu" failures="0" tests="1" name="testScript.LoginPageTestCase1" time="1.970" errors="0" timestamp="2025-03-20T10:59:23 IST" skipped="0">
  <testcase classname="testScript.LoginPageTestCase1" name="verifyUserIsAbleToLoginPage" time="1.970"/>
  <system-out/>
</testsuite> <!-- testScript.LoginPageTestCase1 -->
