<?xml version="1.0" encoding="UTF-8"?>
<!-- Generated by org.testng.reporters.JUnitReportReporter -->
<testsuite hostname="neethu" failures="0" tests="1" name="testScript.ComparisonofAdminScriptTestCase10" time="1.419" errors="0" timestamp="2025-03-19T10:04:24 IST" skipped="0">
  <testcase classname="testScript.ComparisonofAdminScriptTestCase10" name="verifyAllFieldsAreDisplayed" time="1.419"/>
  <system-out/>
</testsuite> <!-- testScript.ComparisonofAdminScriptTestCase10 -->
