<?xml version="1.0" encoding="UTF-8"?>
<!-- Generated by org.testng.reporters.JUnitReportReporter -->
<testsuite hostname="neethu" failures="0" tests="1" name="testScript.NewTicketScriptTestCase5" time="14.617" errors="0" timestamp="2025-02-26T11:09:25 IST" skipped="0">
  <testcase classname="testScript.NewTicketScriptTestCase5" name="verifyAbleToCreateNewTicket" time="14.617"/>
  <system-out/>
</testsuite> <!-- testScript.NewTicketScriptTestCase5 -->
