<?xml version="1.0" encoding="UTF-8"?>
<!-- Generated by org.testng.reporters.JUnitReportReporter -->
<testsuite hostname="neethu" failures="0" tests="1" name="testScript.AttachmentOptionScriptTestCase34" time="8.697" errors="0" timestamp="2025-03-19T10:04:24 IST" skipped="0">
  <testcase classname="testScript.AttachmentOptionScriptTestCase34" name="verifyAbleToUploadAttachments" time="8.697"/>
  <system-out/>
</testsuite> <!-- testScript.AttachmentOptionScriptTestCase34 -->
