<?xml version="1.0" encoding="UTF-8"?>
<!-- Generated by org.testng.reporters.JUnitReportReporter -->
<testsuite hostname="neethu" failures="0" tests="1" name="testScript.AuditLoginUserScriptTestCase23" time="3.063" errors="0" timestamp="2025-03-19T10:04:24 IST" skipped="0">
  <testcase classname="testScript.AuditLoginUserScriptTestCase23" name="verifyCreationOfLoginUserLogs" time="3.063"/>
  <system-out/>
</testsuite> <!-- testScript.AuditLoginUserScriptTestCase23 -->
