<?xml version="1.0" encoding="UTF-8"?>
<!-- Generated by org.testng.reporters.JUnitReportReporter -->
<testsuite hostname="neethu" failures="0" tests="1" name="testScript.DeleteRoleScriptTestCase7" time="1.747" errors="0" timestamp="2025-03-19T10:04:24 IST" skipped="0">
  <testcase classname="testScript.DeleteRoleScriptTestCase7" name="verifyUserIsAbleToDeleteRole" time="1.747"/>
  <system-out/>
</testsuite> <!-- testScript.DeleteRoleScriptTestCase7 -->
