<?xml version="1.0" encoding="UTF-8"?>
<!-- Generated by org.testng.reporters.JUnitReportReporter -->
<testsuite hostname="neethu" failures="0" tests="1" name="testScript.LogsOneYearScriptTestCase24" time="3.175" errors="0" timestamp="2025-03-19T10:04:24 IST" skipped="0">
  <testcase classname="testScript.LogsOneYearScriptTestCase24" name="verifyAbleToDelete" time="3.175"/>
  <system-out/>
</testsuite> <!-- testScript.LogsOneYearScriptTestCase24 -->
