<?xml version="1.0" encoding="UTF-8"?>
<!-- Generated by org.testng.reporters.JUnitReportReporter -->
<testsuite hostname="neethu" failures="0" tests="1" name="testScript.ComparisonofUserScriptTestCase10" time="11.377" errors="0" timestamp="2025-03-19T10:04:24 IST" skipped="0">
  <testcase classname="testScript.ComparisonofUserScriptTestCase10" name="verifyAdminisNotinMenu" time="11.377"/>
  <system-out/>
</testsuite> <!-- testScript.ComparisonofUserScriptTestCase10 -->
