<?xml version="1.0" encoding="UTF-8"?>
<!-- Generated by org.testng.reporters.JUnitReportReporter -->
<testsuite hostname="neethu" failures="0" tests="1" name="testScript.FilteringBy_LinkScriptTestCase9" time="1.888" errors="0" timestamp="2025-03-19T10:04:24 IST" skipped="0">
  <testcase classname="testScript.FilteringBy_LinkScriptTestCase9" name="verifyFilterinLink" time="1.888"/>
  <system-out/>
</testsuite> <!-- testScript.FilteringBy_LinkScriptTestCase9 -->
