<?xml version="1.0" encoding="UTF-8"?>
<!-- Generated by org.testng.reporters.JUnitReportReporter -->
<testsuite hostname="neethu" failures="0" tests="1" name="testScript.PasswordChangeTestcase2" time="1.828" errors="0" timestamp="2025-03-20T10:59:23 IST" skipped="0">
  <testcase classname="testScript.PasswordChangeTestcase2" name="verifyUserAbleToChangePassword" time="1.828"/>
  <system-out/>
</testsuite> <!-- testScript.PasswordChangeTestcase2 -->
