<?xml version="1.0" encoding="UTF-8"?>
<!-- Generated by org.testng.reporters.JUnitReportReporter -->
<testsuite hostname="neethu" failures="0" tests="1" name="testScript.AuditLogTicketDeleteScriptTestCase23" time="2.691" errors="0" timestamp="2025-03-10T15:10:18 IST" skipped="0">
  <testcase classname="testScript.AuditLogTicketDeleteScriptTestCase23" name="verifyAbleToDelete" time="2.691"/>
  <system-out/>
</testsuite> <!-- testScript.AuditLogTicketDeleteScriptTestCase23 -->
