<?xml version="1.0" encoding="UTF-8"?>
<!-- Generated by org.testng.reporters.JUnitReportReporter -->
<testsuite hostname="neethu" failures="0" tests="1" name="testScript.LogsOneYearScriptTestCase24" time="2.707" errors="0" timestamp="2025-03-11T15:14:03 IST" skipped="0">
  <testcase classname="testScript.LogsOneYearScriptTestCase24" name="verifyAbleToDelete" time="2.707"/>
  <system-out/>
</testsuite> <!-- testScript.LogsOneYearScriptTestCase24 -->
