<?xml version="1.0" encoding="UTF-8"?>
<!-- Generated by org.testng.reporters.JUnitReportReporter -->
<testsuite hostname="neethu" failures="0" tests="1" name="testScript.NewTicketScriptTestCase5" time="15.647" errors="0" timestamp="2025-02-21T11:13:07 IST" skipped="0">
  <testcase classname="testScript.NewTicketScriptTestCase5" name="verifyAbleToCreateNewTicket" time="15.647"/>
  <system-out/>
</testsuite> <!-- testScript.NewTicketScriptTestCase5 -->
