<?xml version="1.0" encoding="UTF-8"?>
<!-- Generated by org.testng.reporters.JUnitReportReporter -->
<testsuite hostname="neethu" failures="0" tests="1" name="testScript.PasswordChangeTestcase2" time="2.305" errors="0" timestamp="2025-03-19T12:00:08 IST" skipped="0">
  <testcase classname="testScript.PasswordChangeTestcase2" name="verifyUserAbleToChangePassword" time="2.305"/>
  <system-out/>
</testsuite> <!-- testScript.PasswordChangeTestcase2 -->
