<?xml version="1.0" encoding="UTF-8"?>
<!-- Generated by org.testng.reporters.JUnitReportReporter -->
<testsuite hostname="neethu" failures="0" tests="1" name="testScript.LinkDownTimeScriptOccurrenceTestCase15" time="13.635" errors="0" timestamp="2025-03-19T10:04:24 IST" skipped="0">
  <testcase classname="testScript.LinkDownTimeScriptOccurrenceTestCase15" name="verifyLinkDownTimeOccurrence" time="13.635"/>
  <system-out/>
</testsuite> <!-- testScript.LinkDownTimeScriptOccurrenceTestCase15 -->
