<?xml version="1.0" encoding="UTF-8"?>
<!-- Generated by org.testng.reporters.JUnitReportReporter -->
<testsuite hostname="neethu" failures="0" tests="1" name="testScript.AuditLogTicketCreateScriptTestCase23" time="2.504" errors="0" timestamp="2025-03-10T12:30:56 IST" skipped="0">
  <testcase classname="testScript.AuditLogTicketCreateScriptTestCase23" name="verifyCreationOfLoginUserLogs" time="2.504"/>
  <system-out/>
</testsuite> <!-- testScript.AuditLogTicketCreateScriptTestCase23 -->
