<?xml version="1.0" encoding="UTF-8"?>
<!-- Generated by org.testng.reporters.JUnitReportReporter -->
<testsuite hostname="neethu" failures="0" tests="1" name="testScript.AuditLogTicketDeleteScriptTestCase23" time="3.158" errors="0" timestamp="2025-03-19T10:04:24 IST" skipped="0">
  <testcase classname="testScript.AuditLogTicketDeleteScriptTestCase23" name="verifyAbleToDelete" time="3.158"/>
  <system-out/>
</testsuite> <!-- testScript.AuditLogTicketDeleteScriptTestCase23 -->
