<?xml version="1.0" encoding="UTF-8"?>
<!-- Generated by org.testng.reporters.JUnitReportReporter -->
<testsuite hostname="neethu" failures="0" tests="1" name="testScript.MonthlyReportScriptTestCase21" time="7.697" errors="0" timestamp="2025-03-11T14:05:36 IST" skipped="0">
  <testcase classname="testScript.MonthlyReportScriptTestCase21" name="verifyAbleToGenerateMonthlyProvision" time="7.697"/>
  <system-out/>
</testsuite> <!-- testScript.MonthlyReportScriptTestCase21 -->
