<?xml version="1.0" encoding="UTF-8"?>
<!-- Generated by org.testng.reporters.JUnitReportReporter -->
<testsuite hostname="neethu" failures="0" tests="1" name="testScript.LinkDownTimeOccurrenceforTicketScriptTestCase32" time="13.205" errors="0" timestamp="2025-03-12T14:12:26 IST" skipped="0">
  <testcase classname="testScript.LinkDownTimeOccurrenceforTicketScriptTestCase32" name="verifyAbleToFindDownTimeOccurrence" time="13.205"/>
  <system-out/>
</testsuite> <!-- testScript.LinkDownTimeOccurrenceforTicketScriptTestCase32 -->
