<?xml version="1.0" encoding="UTF-8"?>
<!-- Generated by org.testng.reporters.JUnitReportReporter -->
<testsuite hostname="neethu" failures="0" tests="1" name="testScript.CheckTicketClosedScriptTestCase13" time="4.723" errors="0" timestamp="2025-03-19T10:04:24 IST" skipped="0">
  <testcase classname="testScript.CheckTicketClosedScriptTestCase13" name="verifyTicketIsClosed" time="4.723"/>
  <system-out/>
</testsuite> <!-- testScript.CheckTicketClosedScriptTestCase13 -->
