<?xml version="1.0" encoding="UTF-8"?>
<!-- Generated by org.testng.reporters.JUnitReportReporter -->
<testsuite hostname="neethu" failures="0" tests="1" name="testScript.AuditLoginUserScriptTestCase23" time="2.464" errors="0" timestamp="2025-03-10T12:23:19 IST" skipped="0">
  <testcase classname="testScript.AuditLoginUserScriptTestCase23" name="verifyCreationOfLoginUserLogs" time="2.464"/>
  <system-out/>
</testsuite> <!-- testScript.AuditLoginUserScriptTestCase23 -->
